Log file open, 03/31/20 15:00:08
LogWindows: Failed to load 'aqProf.dll' (GetLastError=126)
LogWindows: File 'aqProf.dll' does not exist
LogWindows: Failed to load 'VtuneApi.dll' (GetLastError=126)
LogWindows: File 'VtuneApi.dll' does not exist
LogWindows: Failed to load 'VtuneApi32e.dll' (GetLastError=126)
LogWindows: File 'VtuneApi32e.dll' does not exist
LogConsoleResponse: Display: Failed to find resolution value strings in scalability ini. Falling back to default.
LogInit: Display: Running engine for game: SEGAMEv0.1
LogPlatformFile: Not using cached read wrapper
LogTaskGraph: Started task graph with 5 named threads and 11 total threads with 3 sets of task threads.
LogStats: Stats thread started at 1.150472
LogD3D11RHI: Loaded GFSDK_Aftermath_Lib.x64.dll
LogICUInternationalization: ICU TimeZone Detection - Raw Offset: -5:00, Platform Override: ''
LogPluginManager: Mounting plugin Paper2D
LogPluginManager: Mounting plugin AISupport
LogPluginManager: Mounting plugin LightPropagationVolume
LogPluginManager: Mounting plugin ActorLayerUtilities
LogPluginManager: Mounting plugin AnimationSharing
LogPluginManager: Mounting plugin CLionSourceCodeAccess
LogPluginManager: Mounting plugin CodeLiteSourceCodeAccess
LogPluginManager: Mounting plugin ConcertMain
LogPluginManager: Mounting plugin ConcertSyncClient
LogPluginManager: Mounting plugin ConcertSyncCore
LogPluginManager: Mounting plugin MultiUserClient
LogPluginManager: Mounting plugin GitSourceControl
LogPluginManager: Mounting plugin KDevelopSourceCodeAccess
LogPluginManager: Mounting plugin NullSourceCodeAccess
LogPluginManager: Mounting plugin PerforceSourceControl
LogPluginManager: Mounting plugin PlasticSourceControl
LogPluginManager: Mounting plugin SubversionSourceControl
LogPluginManager: Mounting plugin UObjectPlugin
LogPluginManager: Mounting plugin VisualStudioCodeSourceCodeAccess
LogPluginManager: Mounting plugin VisualStudioSourceCodeAccess
LogPluginManager: Mounting plugin XCodeSourceCodeAccess
LogPluginManager: Mounting plugin AssetManagerEditor
LogPluginManager: Mounting plugin CryptoKeys
LogPluginManager: Mounting plugin CurveEditorTools
LogPluginManager: Mounting plugin DataValidation
LogPluginManager: Mounting plugin FacialAnimation
LogPluginManager: Mounting plugin GameplayTagsEditor
LogPluginManager: Mounting plugin MacGraphicsSwitching
LogPluginManager: Mounting plugin MaterialAnalyzer
LogPluginManager: Mounting plugin MobileLauncherProfileWizard
LogPluginManager: Mounting plugin PluginBrowser
LogPluginManager: Mounting plugin SpeedTreeImporter
LogPluginManager: Mounting plugin DatasmithContent
LogPluginManager: Mounting plugin VariantManagerContent
LogPluginManager: Mounting plugin AlembicImporter
LogPluginManager: Mounting plugin AutomationUtils
LogPluginManager: Mounting plugin BackChannel
LogPluginManager: Mounting plugin CharacterAI
LogPluginManager: Mounting plugin GeometryCache
LogPluginManager: Mounting plugin PlatformCrypto
LogPluginManager: Mounting plugin ProxyLODPlugin
LogPluginManager: Mounting plugin SkeletalReduction
LogPluginManager: Mounting plugin MagicLeap
LogPluginManager: Mounting plugin MagicLeapMedia
LogPluginManager: Mounting plugin MLSDK
LogPluginManager: Mounting plugin AndroidMedia
LogPluginManager: Mounting plugin AvfMedia
LogPluginManager: Mounting plugin ImgMedia
LogPluginManager: Mounting plugin MediaCompositing
LogPluginManager: Mounting plugin MediaPlayerEditor
LogPluginManager: Mounting plugin WebMMedia
LogPluginManager: Mounting plugin WmfMedia
LogPluginManager: Mounting plugin TcpMessaging
LogPluginManager: Mounting plugin UdpMessaging
LogPluginManager: Mounting plugin ActorSequence
LogPluginManager: Mounting plugin LevelSequenceEditor
LogPluginManager: Mounting plugin MatineeToLevelSequence
LogPluginManager: Mounting plugin NetcodeUnitTest
LogPluginManager: Mounting plugin NUTUnrealEngine4
LogPluginManager: Mounting plugin OnlineSubsystemGooglePlay
LogPluginManager: Mounting plugin OnlineSubsystemIOS
LogPluginManager: Mounting plugin OnlineSubsystem
LogPluginManager: Mounting plugin OnlineSubsystemNull
LogPluginManager: Mounting plugin OnlineSubsystemUtils
LogPluginManager: Mounting plugin LauncherChunkInstaller
LogPluginManager: Mounting plugin AndroidDeviceProfileSelector
LogPluginManager: Mounting plugin AndroidMoviePlayer
LogPluginManager: Mounting plugin AndroidPermission
LogPluginManager: Mounting plugin AppleImageUtils
LogPluginManager: Mounting plugin AppleMoviePlayer
LogPluginManager: Mounting plugin ArchVisCharacter
LogPluginManager: Mounting plugin AssetTags
LogPluginManager: Mounting plugin AudioCapture
LogPluginManager: Mounting plugin CableComponent
LogPluginManager: Mounting plugin CustomMeshComponent
LogPluginManager: Mounting plugin SQLiteCore
LogPluginManager: Mounting plugin EditableMesh
LogPluginManager: Mounting plugin ExampleDeviceProfileSelector
LogPluginManager: Mounting plugin GoogleCloudMessaging
LogPluginManager: Mounting plugin IOSDeviceProfileSelector
LogPluginManager: Mounting plugin LinuxDeviceProfileSelector
LogPluginManager: Mounting plugin LocationServicesBPLibrary
LogPluginManager: Mounting plugin MobilePatchingUtils
LogPluginManager: Mounting plugin OculusVR
LogPluginManager: Mounting plugin PhysXVehicles
LogPluginManager: Mounting plugin PostSplashScreen
LogPluginManager: Mounting plugin ProceduralMeshComponent
LogPluginManager: Mounting plugin RuntimePhysXCooking
LogPluginManager: Mounting plugin SignificanceManager
LogPluginManager: Mounting plugin SteamVR
LogPluginManager: Mounting plugin WebMMoviePlayer
LogPluginManager: Mounting plugin WindowsMoviePlayer
LogPluginManager: Mounting plugin ScreenshotTools
LogInit: Using libcurl 7.55.1-DEV
LogInit:  - built for x86_64-pc-win32
LogInit:  - supports SSL with OpenSSL/1.1.1
LogInit:  - supports HTTP deflate (compression) using libz 1.2.8
LogInit:  - other features:
LogInit:      CURL_VERSION_SSL
LogInit:      CURL_VERSION_LIBZ
LogInit:      CURL_VERSION_IPV6
LogInit:      CURL_VERSION_ASYNCHDNS
LogInit:      CURL_VERSION_LARGEFILE
LogInit:      CURL_VERSION_IDN
LogInit:  CurlRequestOptions (configurable via config and command line):
LogInit:  - bVerifyPeer = true  - Libcurl will verify peer certificate
LogInit:  - bUseHttpProxy = false  - Libcurl will NOT use HTTP proxy
LogInit:  - bDontReuseConnections = false  - Libcurl will reuse connections
LogInit:  - MaxHostConnections = 16  - Libcurl will limit the number of connections to a host
LogInit:  - LocalHostAddr = Default
LogInit:  - BufferSize = 65536
LogOnline: OSS: Creating online subsystem instance for: NULL
LogInit: WinSock: version 1.1 (2.2), MaxSocks=32767, MaxUdp=65467
LogOnline: OSS: TryLoadSubsystemAndSetDefault: Loaded subsystem for module [NULL]
LogInit: Build: ++UE4+Release-4.24-CL-11590370
LogInit: Engine Version: 4.24.3-11590370+++UE4+Release-4.24
LogInit: Compatible Engine Version: 4.24.0-10570792+++UE4+Release-4.24
LogInit: Net CL: 10570792
LogInit: OS: Windows 10 (Release 1903) (), CPU: Intel(R) Core(TM) i7-7Y75 CPU @ 1.30GHz, GPU: Intel(R) HD Graphics 615
LogInit: Compiled (64-bit): Feb 24 2020 15:39:18
LogInit: Compiled with Visual C++: 19.16.27032.01
LogInit: Build Configuration: Development
LogInit: Branch Name: ++UE4+Release-4.24
LogInit: Command Line: 
LogInit: Base Directory: C:/Program Files/Epic Games/UE_4.24/Engine/Binaries/Win64/
LogInit: Installed Engine Build: 1
LogDevObjectVersion: Number of dev versions registered: 25
LogDevObjectVersion:   Dev-Blueprints (B0D832E4-1F89-4F0D-ACCF-7EB736FD4AA2): 10
LogDevObjectVersion:   Dev-Build (E1C64328-A22C-4D53-A36C-8E866417BD8C): 0
LogDevObjectVersion:   Dev-Core (375EC13C-06E4-48FB-B500-84F0262A717E): 3
LogDevObjectVersion:   Dev-Editor (E4B068ED-F494-42E9-A231-DA0B2E46BB41): 37
LogDevObjectVersion:   Dev-Framework (CFFC743F-43B0-4480-9391-14DF171D2073): 36
LogDevObjectVersion:   Dev-Mobile (B02B49B5-BB20-44E9-A304-32B752E40360): 2
LogDevObjectVersion:   Dev-Networking (A4E4105C-59A1-49B5-A7C5-40C4547EDFEE): 0
LogDevObjectVersion:   Dev-Online (39C831C9-5AE6-47DC-9A44-9C173E1C8E7C): 0
LogDevObjectVersion:   Dev-Physics (78F01B33-EBEA-4F98-B9B4-84EACCB95AA2): 2
LogDevObjectVersion:   Dev-Platform (6631380F-2D4D-43E0-8009-CF276956A95A): 0
LogDevObjectVersion:   Dev-Rendering (12F88B9F-8875-4AFC-A67C-D90C383ABD29): 36
LogDevObjectVersion:   Dev-Sequencer (7B5AE74C-D270-4C10-A958-57980B212A5A): 11
LogDevObjectVersion:   Dev-VR (D7296918-1DD6-4BDD-9DE2-64A83CC13884): 2
LogDevObjectVersion:   Dev-LoadTimes (C2A15278-BFE7-4AFE-6C17-90FF531DF755): 1
LogDevObjectVersion:   Private-Geometry (6EACA3D4-40EC-4CC1-B786-8BED09428FC5): 3
LogDevObjectVersion:   Dev-AnimPhys (29E575DD-E0A3-4627-9D10-D276232CDCEA): 17
LogDevObjectVersion:   Dev-Anim (AF43A65D-7FD3-4947-9873-3E8ED9C1BB05): 2
LogDevObjectVersion:   Dev-ReflectionCapture (6B266CEC-1EC7-4B8F-A30B-E4D90942FC07): 1
LogDevObjectVersion:   Dev-Automation (0DF73D61-A23F-47EA-B727-89E90C41499A): 1
LogDevObjectVersion:   FortniteMain (601D1886-AC64-4F84-AA16-D3DE0DEAC7D6): 31
LogDevObjectVersion:   Dev-Enterprise (9DFFBCD6-494F-0158-E221-12823C92A888): 8
LogDevObjectVersion:   Dev-Niagara (F2AED0AC-9AFE-416F-8664-AA7FFA26D6FC): 1
LogDevObjectVersion:   Dev-Destruction (174F1F0B-B4C6-45A5-B13F-2EE8D0FB917D): 9
LogDevObjectVersion:   Dev-Physics-Ext (35F94A83-E258-406C-A318-09F59610247C): 8
LogDevObjectVersion:   Dev-CineCamera (B2E18506-4273-CFC2-A54E-F4BB758BBA07): 1
LogInit: Presizing for max 25165824 objects, including 0 objects not considered by GC, pre-allocating 0 bytes for permanent pool.
LogInit: Object subsystem initialized
LogConfig: Setting CVar [[con.DebugEarlyDefault:1]]
LogConfig: Setting CVar [[r.setres:1280x720]]
[2020.03.31-19.00.10:427][  0]LogConfig: Setting CVar [[r.VSync:0]]
[2020.03.31-19.00.10:427][  0]LogConfig: Setting CVar [[r.RHICmdBypass:0]]
[2020.03.31-19.00.10:428][  0]LogConfig: Applying CVar settings from Section [/Script/Engine.RendererSettings] File [C:/Users/Jared/Desktop/SE_GAME/SEGame_Jared/Saved/Config/Windows/Engine.ini]
[2020.03.31-19.00.10:428][  0]LogConfig: Setting CVar [[r.GPUCrashDebugging:0]]
[2020.03.31-19.00.10:428][  0]LogConfig: Applying CVar settings from Section [/Script/Engine.RendererOverrideSettings] File [C:/Users/Jared/Desktop/SE_GAME/SEGame_Jared/Saved/Config/Windows/Engine.ini]
[2020.03.31-19.00.10:428][  0]LogConfig: Applying CVar settings from Section [/Script/Engine.StreamingSettings] File [C:/Users/Jared/Desktop/SE_GAME/SEGame_Jared/Saved/Config/Windows/Engine.ini]
[2020.03.31-19.00.10:428][  0]LogConfig: Setting CVar [[s.MinBulkDataSizeForAsyncLoading:131072]]
[2020.03.31-19.00.10:428][  0]LogConfig: Setting CVar [[s.AsyncLoadingThreadEnabled:0]]
[2020.03.31-19.00.10:428][  0]LogConfig: Setting CVar [[s.EventDrivenLoaderEnabled:1]]
[2020.03.31-19.00.10:428][  0]LogConfig: Setting CVar [[s.WarnIfTimeLimitExceeded:0]]
[2020.03.31-19.00.10:428][  0]LogConfig: Setting CVar [[s.TimeLimitExceededMultiplier:1.5]]
[2020.03.31-19.00.10:428][  0]LogConfig: Setting CVar [[s.TimeLimitExceededMinTime:0.005]]
[2020.03.31-19.00.10:428][  0]LogConfig: Setting CVar [[s.UseBackgroundLevelStreaming:1]]
[2020.03.31-19.00.10:428][  0]LogConfig: Setting CVar [[s.PriorityAsyncLoadingExtraTime:15.0]]
[2020.03.31-19.00.10:428][  0]LogConfig: Setting CVar [[s.LevelStreamingActorsUpdateTimeLimit:5.0]]
[2020.03.31-19.00.10:429][  0]LogConfig: Setting CVar [[s.PriorityLevelStreamingActorsUpdateExtraTime:5.0]]
[2020.03.31-19.00.10:429][  0]LogConfig: Setting CVar [[s.LevelStreamingComponentsRegistrationGranularity:10]]
[2020.03.31-19.00.10:429][  0]LogConfig: Setting CVar [[s.UnregisterComponentsTimeLimit:1.0]]
[2020.03.31-19.00.10:429][  0]LogConfig: Setting CVar [[s.LevelStreamingComponentsUnregistrationGranularity:5]]
[2020.03.31-19.00.10:429][  0]LogConfig: Setting CVar [[s.FlushStreamingOnExit:1]]
[2020.03.31-19.00.10:429][  0]LogConfig: Applying CVar settings from Section [/Script/Engine.GarbageCollectionSettings] File [C:/Users/Jared/Desktop/SE_GAME/SEGame_Jared/Saved/Config/Windows/Engine.ini]
[2020.03.31-19.00.10:429][  0]LogConfig: Setting CVar [[gc.MaxObjectsNotConsideredByGC:1]]
[2020.03.31-19.00.10:429][  0]LogConfig: Setting CVar [[gc.SizeOfPermanentObjectPool:0]]
[2020.03.31-19.00.10:429][  0]LogConfig: Setting CVar [[gc.FlushStreamingOnGC:0]]
[2020.03.31-19.00.10:429][  0]LogConfig: Setting CVar [[gc.NumRetriesBeforeForcingGC:10]]
[2020.03.31-19.00.10:429][  0]LogConfig: Setting CVar [[gc.AllowParallelGC:1]]
[2020.03.31-19.00.10:429][  0]LogConfig: Setting CVar [[gc.TimeBetweenPurgingPendingKillObjects:61.1]]
[2020.03.31-19.00.10:429][  0]LogConfig: Setting CVar [[gc.MaxObjectsInEditor:25165824]]
[2020.03.31-19.00.10:429][  0]LogConfig: Setting CVar [[gc.IncrementalBeginDestroyEnabled:1]]
[2020.03.31-19.00.10:429][  0]LogConfig: Setting CVar [[gc.CreateGCClusters:1]]
[2020.03.31-19.00.10:429][  0]LogConfig: Setting CVar [[gc.MinGCClusterSize:5]]
[2020.03.31-19.00.10:429][  0]LogConfig: Setting CVar [[gc.ActorClusteringEnabled:0]]
[2020.03.31-19.00.10:429][  0]LogConfig: Setting CVar [[gc.BlueprintClusteringEnabled:0]]
[2020.03.31-19.00.10:429][  0]LogConfig: Setting CVar [[gc.UseDisregardForGCOnDedicatedServers:0]]
[2020.03.31-19.00.10:429][  0]LogConfig: Applying CVar settings from Section [/Script/Engine.NetworkSettings] File [C:/Users/Jared/Desktop/SE_GAME/SEGame_Jared/Saved/Config/Windows/Engine.ini]
[2020.03.31-19.00.10:429][  0]LogConfig: Applying CVar settings from Section [/Script/UnrealEd.CookerSettings] File [C:/Users/Jared/Desktop/SE_GAME/SEGame_Jared/Saved/Config/Windows/Engine.ini]
[2020.03.31-19.00.10:436][  0]LogConfig: Applying CVar settings from Section [ViewDistanceQuality@3] File [C:/Users/Jared/Desktop/SE_GAME/SEGame_Jared/Saved/Config/Windows/Scalability.ini]
[2020.03.31-19.00.10:436][  0]LogConfig: Setting CVar [[r.SkeletalMeshLODBias:0]]
[2020.03.31-19.00.10:437][  0]LogConfig: Setting CVar [[r.ViewDistanceScale:1.0]]
[2020.03.31-19.00.10:437][  0]LogConfig: Applying CVar settings from Section [AntiAliasingQuality@3] File [C:/Users/Jared/Desktop/SE_GAME/SEGame_Jared/Saved/Config/Windows/Scalability.ini]
[2020.03.31-19.00.10:437][  0]LogConfig: Setting CVar [[r.PostProcessAAQuality:4]]
[2020.03.31-19.00.10:437][  0]LogConfig: Applying CVar settings from Section [ShadowQuality@3] File [C:/Users/Jared/Desktop/SE_GAME/SEGame_Jared/Saved/Config/Windows/Scalability.ini]
[2020.03.31-19.00.10:437][  0]LogConfig: Setting CVar [[r.LightFunctionQuality:1]]
[2020.03.31-19.00.10:437][  0]LogConfig: Setting CVar [[r.ShadowQuality:5]]
[2020.03.31-19.00.10:437][  0]LogConfig: Setting CVar [[r.Shadow.CSM.MaxCascades:10]]
[2020.03.31-19.00.10:437][  0]LogConfig: Setting CVar [[r.Shadow.MaxResolution:2048]]
[2020.03.31-19.00.10:437][  0]LogConfig: Setting CVar [[r.Shadow.MaxCSMResolution:2048]]
[2020.03.31-19.00.10:437][  0]LogConfig: Setting CVar [[r.Shadow.RadiusThreshold:0.01]]
[2020.03.31-19.00.10:437][  0]LogConfig: Setting CVar [[r.Shadow.DistanceScale:1.0]]
[2020.03.31-19.00.10:437][  0]LogConfig: Setting CVar [[r.Shadow.CSM.TransitionScale:1.0]]
[2020.03.31-19.00.10:437][  0]LogConfig: Setting CVar [[r.Shadow.PreShadowResolutionFactor:1.0]]
[2020.03.31-19.00.10:437][  0]LogConfig: Setting CVar [[r.DistanceFieldShadowing:1]]
[2020.03.31-19.00.10:437][  0]LogConfig: Setting CVar [[r.DistanceFieldAO:1]]
[2020.03.31-19.00.10:437][  0]LogConfig: Setting CVar [[r.AOQuality:2]]
[2020.03.31-19.00.10:437][  0]LogConfig: Setting CVar [[r.VolumetricFog:1]]
[2020.03.31-19.00.10:437][  0]LogConfig: Setting CVar [[r.VolumetricFog.GridPixelSize:8]]
[2020.03.31-19.00.10:437][  0]LogConfig: Setting CVar [[r.VolumetricFog.GridSizeZ:128]]
[2020.03.31-19.00.10:437][  0]LogConfig: Setting CVar [[r.VolumetricFog.HistoryMissSupersampleCount:4]]
[2020.03.31-19.00.10:437][  0]LogConfig: Setting CVar [[r.LightMaxDrawDistanceScale:1]]
[2020.03.31-19.00.10:437][  0]LogConfig: Setting CVar [[r.CapsuleShadows:1]]
[2020.03.31-19.00.10:437][  0]LogConfig: Applying CVar settings from Section [PostProcessQuality@3] File [C:/Users/Jared/Desktop/SE_GAME/SEGame_Jared/Saved/Config/Windows/Scalability.ini]
[2020.03.31-19.00.10:437][  0]LogConfig: Setting CVar [[r.MotionBlurQuality:4]]
[2020.03.31-19.00.10:437][  0]LogConfig: Setting CVar [[r.AmbientOcclusionMipLevelFactor:0.4]]
[2020.03.31-19.00.10:437][  0]LogConfig: Setting CVar [[r.AmbientOcclusionMaxQuality:100]]
[2020.03.31-19.00.10:437][  0]LogConfig: Setting CVar [[r.AmbientOcclusionLevels:-1]]
[2020.03.31-19.00.10:437][  0]LogConfig: Setting CVar [[r.AmbientOcclusionRadiusScale:1.0]]
[2020.03.31-19.00.10:437][  0]LogConfig: Setting CVar [[r.DepthOfFieldQuality:2]]
[2020.03.31-19.00.10:437][  0]LogConfig: Setting CVar [[r.RenderTargetPoolMin:400]]
[2020.03.31-19.00.10:437][  0]LogConfig: Setting CVar [[r.LensFlareQuality:2]]
[2020.03.31-19.00.10:437][  0]LogConfig: Setting CVar [[r.SceneColorFringeQuality:1]]
[2020.03.31-19.00.10:437][  0]LogConfig: Setting CVar [[r.EyeAdaptationQuality:2]]
[2020.03.31-19.00.10:437][  0]LogConfig: Setting CVar [[r.BloomQuality:5]]
[2020.03.31-19.00.10:437][  0]LogConfig: Setting CVar [[r.FastBlurThreshold:100]]
[2020.03.31-19.00.10:437][  0]LogConfig: Setting CVar [[r.Upscale.Quality:3]]
[2020.03.31-19.00.10:437][  0]LogConfig: Setting CVar [[r.Tonemapper.GrainQuantization:1]]
[2020.03.31-19.00.10:437][  0]LogConfig: Setting CVar [[r.LightShaftQuality:1]]
[2020.03.31-19.00.10:437][  0]LogConfig: Setting CVar [[r.Filter.SizeScale:1]]
[2020.03.31-19.00.10:437][  0]LogConfig: Setting CVar [[r.Tonemapper.Quality:5]]
[2020.03.31-19.00.10:437][  0]LogConfig: Setting CVar [[r.DOF.Gather.AccumulatorQuality:1        ; higher gathering accumulator quality]]
[2020.03.31-19.00.10:437][  0]LogConfig: Setting CVar [[r.DOF.Gather.PostfilterMethod:1          ; Median3x3 postfilering method]]
[2020.03.31-19.00.10:438][  0]LogConfig: Setting CVar [[r.DOF.Gather.EnableBokehSettings:0       ; no bokeh simulation when gathering]]
[2020.03.31-19.00.10:438][  0]LogConfig: Setting CVar [[r.DOF.Gather.RingCount:4                 ; medium number of samples when gathering]]
[2020.03.31-19.00.10:438][  0]LogConfig: Setting CVar [[r.DOF.Scatter.ForegroundCompositing:1    ; additive foreground scattering]]
[2020.03.31-19.00.10:438][  0]LogConfig: Setting CVar [[r.DOF.Scatter.BackgroundCompositing:2    ; additive background scattering]]
[2020.03.31-19.00.10:438][  0]LogConfig: Setting CVar [[r.DOF.Scatter.EnableBokehSettings:1      ; bokeh simulation when scattering]]
[2020.03.31-19.00.10:438][  0]LogConfig: Setting CVar [[r.DOF.Scatter.MaxSpriteRatio:0.1         ; only a maximum of 10% of scattered bokeh]]
[2020.03.31-19.00.10:438][  0]LogConfig: Setting CVar [[r.DOF.Recombine.Quality:1                ; cheap slight out of focus]]
[2020.03.31-19.00.10:438][  0]LogConfig: Setting CVar [[r.DOF.Recombine.EnableBokehSettings:0    ; no bokeh simulation on slight out of focus]]
[2020.03.31-19.00.10:438][  0]LogConfig: Setting CVar [[r.DOF.TemporalAAQuality:1                ; more stable temporal accumulation]]
[2020.03.31-19.00.10:438][  0]LogConfig: Setting CVar [[r.DOF.Kernel.MaxForegroundRadius:0.025]]
[2020.03.31-19.00.10:438][  0]LogConfig: Setting CVar [[r.DOF.Kernel.MaxBackgroundRadius:0.025]]
[2020.03.31-19.00.10:438][  0]LogConfig: Applying CVar settings from Section [TextureQuality@3] File [C:/Users/Jared/Desktop/SE_GAME/SEGame_Jared/Saved/Config/Windows/Scalability.ini]
[2020.03.31-19.00.10:438][  0]LogConfig: Setting CVar [[r.Streaming.MipBias:0]]
[2020.03.31-19.00.10:438][  0]LogConfig: Setting CVar [[r.Streaming.AmortizeCPUToGPUCopy:0]]
[2020.03.31-19.00.10:438][  0]LogConfig: Setting CVar [[r.Streaming.MaxNumTexturesToStreamPerFrame:0]]
[2020.03.31-19.00.10:438][  0]LogConfig: Setting CVar [[r.Streaming.Boost:1]]
[2020.03.31-19.00.10:438][  0]LogConfig: Setting CVar [[r.MaxAnisotropy:8]]
[2020.03.31-19.00.10:438][  0]LogConfig: Setting CVar [[r.VT.MaxAnisotropy:8]]
[2020.03.31-19.00.10:438][  0]LogConfig: Setting CVar [[r.Streaming.LimitPoolSizeToVRAM:0]]
[2020.03.31-19.00.10:438][  0]LogConfig: Setting CVar [[r.Streaming.PoolSize:1000]]
[2020.03.31-19.00.10:438][  0]LogConfig: Setting CVar [[r.Streaming.MaxEffectiveScreenSize:0]]
[2020.03.31-19.00.10:438][  0]LogConfig: Applying CVar settings from Section [EffectsQuality@3] File [C:/Users/Jared/Desktop/SE_GAME/SEGame_Jared/Saved/Config/Windows/Scalability.ini]
[2020.03.31-19.00.10:438][  0]LogConfig: Setting CVar [[r.TranslucencyLightingVolumeDim:64]]
[2020.03.31-19.00.10:438][  0]LogConfig: Setting CVar [[r.RefractionQuality:2]]
[2020.03.31-19.00.10:438][  0]LogConfig: Setting CVar [[r.SSR.Quality:3]]
[2020.03.31-19.00.10:438][  0]LogConfig: Setting CVar [[r.SSR.HalfResSceneColor:0]]
[2020.03.31-19.00.10:438][  0]LogConfig: Setting CVar [[r.SceneColorFormat:4]]
[2020.03.31-19.00.10:438][  0]LogConfig: Setting CVar [[r.DetailMode:2]]
[2020.03.31-19.00.10:438][  0]LogConfig: Setting CVar [[r.TranslucencyVolumeBlur:1]]
[2020.03.31-19.00.10:438][  0]LogConfig: Setting CVar [[r.MaterialQualityLevel:1 ; High quality]]
[2020.03.31-19.00.10:438][  0]LogConfig: Setting CVar [[r.SSS.Scale:1]]
[2020.03.31-19.00.10:438][  0]LogConfig: Setting CVar [[r.SSS.SampleSet:2]]
[2020.03.31-19.00.10:438][  0]LogConfig: Setting CVar [[r.SSS.Quality:1]]
[2020.03.31-19.00.10:438][  0]LogConfig: Setting CVar [[r.SSS.HalfRes:1]]
[2020.03.31-19.00.10:438][  0]LogConfig: Setting CVar [[r.SSGI.Quality:3]]
[2020.03.31-19.00.10:438][  0]LogConfig: Setting CVar [[r.EmitterSpawnRateScale:1.0]]
[2020.03.31-19.00.10:438][  0]LogConfig: Setting CVar [[r.ParticleLightQuality:2]]
[2020.03.31-19.00.10:438][  0]LogConfig: Setting CVar [[r.SkyAtmosphere.AerialPerspectiveLUT.FastApplyOnOpaque:1 ; Always have FastSkyLUT 1 in this case to avoid wrong sky]]
[2020.03.31-19.00.10:438][  0]LogConfig: Setting CVar [[r.SkyAtmosphere.AerialPerspectiveLUT.SampleCountPerSlice:1]]
[2020.03.31-19.00.10:438][  0]LogConfig: Setting CVar [[r.SkyAtmosphere.AerialPerspectiveLUT.DepthResolution:16.0]]
[2020.03.31-19.00.10:438][  0]LogConfig: Setting CVar [[r.SkyAtmosphere.FastSkyLUT:1]]
[2020.03.31-19.00.10:438][  0]LogConfig: Setting CVar [[r.SkyAtmosphere.FastSkyLUT.SampleCountMin:4.0]]
[2020.03.31-19.00.10:438][  0]LogConfig: Setting CVar [[r.SkyAtmosphere.FastSkyLUT.SampleCountMax:32.0]]
[2020.03.31-19.00.10:438][  0]LogConfig: Setting CVar [[r.SkyAtmosphere.SampleCountMin:4.0]]
[2020.03.31-19.00.10:438][  0]LogConfig: Setting CVar [[r.SkyAtmosphere.SampleCountMax:32.0]]
[2020.03.31-19.00.10:439][  0]LogConfig: Setting CVar [[r.SkyAtmosphere.TransmittanceLUT.UseSmallFormat:0]]
[2020.03.31-19.00.10:439][  0]LogConfig: Setting CVar [[r.SkyAtmosphere.TransmittanceLUT.SampleCount:10.0]]
[2020.03.31-19.00.10:439][  0]LogConfig: Setting CVar [[r.SkyAtmosphere.MultiScatteringLUT.SampleCount:15.0]]
[2020.03.31-19.00.10:439][  0]LogConfig: Applying CVar settings from Section [FoliageQuality@3] File [C:/Users/Jared/Desktop/SE_GAME/SEGame_Jared/Saved/Config/Windows/Scalability.ini]
[2020.03.31-19.00.10:439][  0]LogConfig: Setting CVar [[foliage.DensityScale:1.0]]
[2020.03.31-19.00.10:439][  0]LogConfig: Setting CVar [[grass.DensityScale:1.0]]
[2020.03.31-19.00.10:439][  0]LogConfig: Applying CVar settings from Section [ShadingQuality@3] File [C:/Users/Jared/Desktop/SE_GAME/SEGame_Jared/Saved/Config/Windows/Scalability.ini]
[2020.03.31-19.00.10:439][  0]LogConfig: Setting CVar [[r.HairStrands.SkyLighting.SampleCount:16]]
[2020.03.31-19.00.10:439][  0]LogConfig: Setting CVar [[r.HairStrands.SkyLighting.JitterIntegration:0]]
[2020.03.31-19.00.10:439][  0]LogConfig: Setting CVar [[r.HairStrands.SkyAO.SampleCount:16]]
[2020.03.31-19.00.10:439][  0]LogInit: Selected Device Profile: [Windows]
[2020.03.31-19.00.10:439][  0]LogInit: Applying CVar settings loaded from the selected device profile: [Windows]
[2020.03.31-19.00.10:455][  0]LogHAL: Display: Platform has ~ 8 GB [8455933952 / 8589934592 / 8], which maps to Default [LargestMinGB=32, LargerMinGB=12, DefaultMinGB=8, SmallerMinGB=6, SmallestMinGB=0)
[2020.03.31-19.00.10:455][  0]LogInit: Going up to parent DeviceProfile []
[2020.03.31-19.00.10:455][  0]LogConfig: Applying CVar settings from Section [ViewDistanceQuality@3] File [C:/Users/Jared/Desktop/SE_GAME/SEGame_Jared/Saved/Config/Windows/Scalability.ini]
[2020.03.31-19.00.10:455][  0]LogConfig: Setting CVar [[r.SkeletalMeshLODBias:0]]
[2020.03.31-19.00.10:456][  0]LogConfig: Setting CVar [[r.ViewDistanceScale:1.0]]
[2020.03.31-19.00.10:456][  0]LogConfig: Applying CVar settings from Section [AntiAliasingQuality@3] File [C:/Users/Jared/Desktop/SE_GAME/SEGame_Jared/Saved/Config/Windows/Scalability.ini]
[2020.03.31-19.00.10:456][  0]LogConfig: Setting CVar [[r.PostProcessAAQuality:4]]
[2020.03.31-19.00.10:456][  0]LogConfig: Applying CVar settings from Section [ShadowQuality@3] File [C:/Users/Jared/Desktop/SE_GAME/SEGame_Jared/Saved/Config/Windows/Scalability.ini]
[2020.03.31-19.00.10:456][  0]LogConfig: Setting CVar [[r.LightFunctionQuality:1]]
[2020.03.31-19.00.10:456][  0]LogConfig: Setting CVar [[r.ShadowQuality:5]]
[2020.03.31-19.00.10:456][  0]LogConfig: Setting CVar [[r.Shadow.CSM.MaxCascades:10]]
[2020.03.31-19.00.10:456][  0]LogConfig: Setting CVar [[r.Shadow.MaxResolution:2048]]
[2020.03.31-19.00.10:456][  0]LogConfig: Setting CVar [[r.Shadow.MaxCSMResolution:2048]]
[2020.03.31-19.00.10:456][  0]LogConfig: Setting CVar [[r.Shadow.RadiusThreshold:0.01]]
[2020.03.31-19.00.10:456][  0]LogConfig: Setting CVar [[r.Shadow.DistanceScale:1.0]]
[2020.03.31-19.00.10:456][  0]LogConfig: Setting CVar [[r.Shadow.CSM.TransitionScale:1.0]]
[2020.03.31-19.00.10:456][  0]LogConfig: Setting CVar [[r.Shadow.PreShadowResolutionFactor:1.0]]
[2020.03.31-19.00.10:456][  0]LogConfig: Setting CVar [[r.DistanceFieldShadowing:1]]
[2020.03.31-19.00.10:456][  0]LogConfig: Setting CVar [[r.DistanceFieldAO:1]]
[2020.03.31-19.00.10:456][  0]LogConfig: Setting CVar [[r.AOQuality:2]]
[2020.03.31-19.00.10:456][  0]LogConfig: Setting CVar [[r.VolumetricFog:1]]
[2020.03.31-19.00.10:456][  0]LogConfig: Setting CVar [[r.VolumetricFog.GridPixelSize:8]]
[2020.03.31-19.00.10:456][  0]LogConfig: Setting CVar [[r.VolumetricFog.GridSizeZ:128]]
[2020.03.31-19.00.10:456][  0]LogConfig: Setting CVar [[r.VolumetricFog.HistoryMissSupersampleCount:4]]
[2020.03.31-19.00.10:456][  0]LogConfig: Setting CVar [[r.LightMaxDrawDistanceScale:1]]
[2020.03.31-19.00.10:456][  0]LogConfig: Setting CVar [[r.CapsuleShadows:1]]
[2020.03.31-19.00.10:456][  0]LogConfig: Applying CVar settings from Section [PostProcessQuality@3] File [C:/Users/Jared/Desktop/SE_GAME/SEGame_Jared/Saved/Config/Windows/Scalability.ini]
[2020.03.31-19.00.10:457][  0]LogConfig: Setting CVar [[r.MotionBlurQuality:4]]
[2020.03.31-19.00.10:457][  0]LogConfig: Setting CVar [[r.AmbientOcclusionMipLevelFactor:0.4]]
[2020.03.31-19.00.10:457][  0]LogConfig: Setting CVar [[r.AmbientOcclusionMaxQuality:100]]
[2020.03.31-19.00.10:457][  0]LogConfig: Setting CVar [[r.AmbientOcclusionLevels:-1]]
[2020.03.31-19.00.10:457][  0]LogConfig: Setting CVar [[r.AmbientOcclusionRadiusScale:1.0]]
[2020.03.31-19.00.10:457][  0]LogConfig: Setting CVar [[r.DepthOfFieldQuality:2]]
[2020.03.31-19.00.10:457][  0]LogConfig: Setting CVar [[r.RenderTargetPoolMin:400]]
[2020.03.31-19.00.10:457][  0]LogConfig: Setting CVar [[r.LensFlareQuality:2]]
[2020.03.31-19.00.10:457][  0]LogConfig: Setting CVar [[r.SceneColorFringeQuality:1]]
[2020.03.31-19.00.10:457][  0]LogConfig: Setting CVar [[r.EyeAdaptationQuality:2]]
[2020.03.31-19.00.10:457][  0]LogConfig: Setting CVar [[r.BloomQuality:5]]
[2020.03.31-19.00.10:457][  0]LogConfig: Setting CVar [[r.FastBlurThreshold:100]]
[2020.03.31-19.00.10:457][  0]LogConfig: Setting CVar [[r.Upscale.Quality:3]]
[2020.03.31-19.00.10:457][  0]LogConfig: Setting CVar [[r.Tonemapper.GrainQuantization:1]]
[2020.03.31-19.00.10:457][  0]LogConfig: Setting CVar [[r.LightShaftQuality:1]]
[2020.03.31-19.00.10:457][  0]LogConfig: Setting CVar [[r.Filter.SizeScale:1]]
[2020.03.31-19.00.10:457][  0]LogConfig: Setting CVar [[r.Tonemapper.Quality:5]]
[2020.03.31-19.00.10:457][  0]LogConfig: Setting CVar [[r.DOF.Gather.AccumulatorQuality:1        ; higher gathering accumulator quality]]
[2020.03.31-19.00.10:457][  0]LogConfig: Setting CVar [[r.DOF.Gather.PostfilterMethod:1          ; Median3x3 postfilering method]]
[2020.03.31-19.00.10:457][  0]LogConfig: Setting CVar [[r.DOF.Gather.EnableBokehSettings:0       ; no bokeh simulation when gathering]]
[2020.03.31-19.00.10:457][  0]LogConfig: Setting CVar [[r.DOF.Gather.RingCount:4                 ; medium number of samples when gathering]]
[2020.03.31-19.00.10:457][  0]LogConfig: Setting CVar [[r.DOF.Scatter.ForegroundCompositing:1    ; additive foreground scattering]]
[2020.03.31-19.00.10:457][  0]LogConfig: Setting CVar [[r.DOF.Scatter.BackgroundCompositing:2    ; additive background scattering]]
[2020.03.31-19.00.10:457][  0]LogConfig: Setting CVar [[r.DOF.Scatter.EnableBokehSettings:1      ; bokeh simulation when scattering]]
[2020.03.31-19.00.10:457][  0]LogConfig: Setting CVar [[r.DOF.Scatter.MaxSpriteRatio:0.1         ; only a maximum of 10% of scattered bokeh]]
[2020.03.31-19.00.10:457][  0]LogConfig: Setting CVar [[r.DOF.Recombine.Quality:1                ; cheap slight out of focus]]
[2020.03.31-19.00.10:457][  0]LogConfig: Setting CVar [[r.DOF.Recombine.EnableBokehSettings:0    ; no bokeh simulation on slight out of focus]]
[2020.03.31-19.00.10:457][  0]LogConfig: Setting CVar [[r.DOF.TemporalAAQuality:1                ; more stable temporal accumulation]]
[2020.03.31-19.00.10:457][  0]LogConfig: Setting CVar [[r.DOF.Kernel.MaxForegroundRadius:0.025]]
[2020.03.31-19.00.10:457][  0]LogConfig: Setting CVar [[r.DOF.Kernel.MaxBackgroundRadius:0.025]]
[2020.03.31-19.00.10:457][  0]LogConfig: Applying CVar settings from Section [TextureQuality@3] File [C:/Users/Jared/Desktop/SE_GAME/SEGame_Jared/Saved/Config/Windows/Scalability.ini]
[2020.03.31-19.00.10:457][  0]LogConfig: Setting CVar [[r.Streaming.MipBias:0]]
[2020.03.31-19.00.10:457][  0]LogConfig: Setting CVar [[r.Streaming.AmortizeCPUToGPUCopy:0]]
[2020.03.31-19.00.10:457][  0]LogConfig: Setting CVar [[r.Streaming.MaxNumTexturesToStreamPerFrame:0]]
[2020.03.31-19.00.10:457][  0]LogConfig: Setting CVar [[r.Streaming.Boost:1]]
[2020.03.31-19.00.10:458][  0]LogConfig: Setting CVar [[r.MaxAnisotropy:8]]
[2020.03.31-19.00.10:458][  0]LogConfig: Setting CVar [[r.VT.MaxAnisotropy:8]]
[2020.03.31-19.00.10:458][  0]LogConfig: Setting CVar [[r.Streaming.LimitPoolSizeToVRAM:0]]
[2020.03.31-19.00.10:458][  0]LogConfig: Setting CVar [[r.Streaming.PoolSize:1000]]
[2020.03.31-19.00.10:458][  0]LogConfig: Setting CVar [[r.Streaming.MaxEffectiveScreenSize:0]]
[2020.03.31-19.00.10:458][  0]LogConfig: Applying CVar settings from Section [EffectsQuality@3] File [C:/Users/Jared/Desktop/SE_GAME/SEGame_Jared/Saved/Config/Windows/Scalability.ini]
[2020.03.31-19.00.10:458][  0]LogConfig: Setting CVar [[r.TranslucencyLightingVolumeDim:64]]
[2020.03.31-19.00.10:458][  0]LogConfig: Setting CVar [[r.RefractionQuality:2]]
[2020.03.31-19.00.10:458][  0]LogConfig: Setting CVar [[r.SSR.Quality:3]]
[2020.03.31-19.00.10:458][  0]LogConfig: Setting CVar [[r.SSR.HalfResSceneColor:0]]
[2020.03.31-19.00.10:458][  0]LogConfig: Setting CVar [[r.SceneColorFormat:4]]
[2020.03.31-19.00.10:458][  0]LogConfig: Setting CVar [[r.DetailMode:2]]
[2020.03.31-19.00.10:458][  0]LogConfig: Setting CVar [[r.TranslucencyVolumeBlur:1]]
[2020.03.31-19.00.10:458][  0]LogConfig: Setting CVar [[r.MaterialQualityLevel:1 ; High quality]]
[2020.03.31-19.00.10:458][  0]LogConfig: Setting CVar [[r.SSS.Scale:1]]
[2020.03.31-19.00.10:458][  0]LogConfig: Setting CVar [[r.SSS.SampleSet:2]]
[2020.03.31-19.00.10:458][  0]LogConfig: Setting CVar [[r.SSS.Quality:1]]
[2020.03.31-19.00.10:458][  0]LogConfig: Setting CVar [[r.SSS.HalfRes:1]]
[2020.03.31-19.00.10:458][  0]LogConfig: Setting CVar [[r.SSGI.Quality:3]]
[2020.03.31-19.00.10:458][  0]LogConfig: Setting CVar [[r.EmitterSpawnRateScale:1.0]]
[2020.03.31-19.00.10:458][  0]LogConfig: Setting CVar [[r.ParticleLightQuality:2]]
[2020.03.31-19.00.10:458][  0]LogConfig: Setting CVar [[r.SkyAtmosphere.AerialPerspectiveLUT.FastApplyOnOpaque:1 ; Always have FastSkyLUT 1 in this case to avoid wrong sky]]
[2020.03.31-19.00.10:458][  0]LogConfig: Setting CVar [[r.SkyAtmosphere.AerialPerspectiveLUT.SampleCountPerSlice:1]]
[2020.03.31-19.00.10:458][  0]LogConfig: Setting CVar [[r.SkyAtmosphere.AerialPerspectiveLUT.DepthResolution:16.0]]
[2020.03.31-19.00.10:458][  0]LogConfig: Setting CVar [[r.SkyAtmosphere.FastSkyLUT:1]]
[2020.03.31-19.00.10:458][  0]LogConfig: Setting CVar [[r.SkyAtmosphere.FastSkyLUT.SampleCountMin:4.0]]
[2020.03.31-19.00.10:458][  0]LogConfig: Setting CVar [[r.SkyAtmosphere.FastSkyLUT.SampleCountMax:32.0]]
[2020.03.31-19.00.10:458][  0]LogConfig: Setting CVar [[r.SkyAtmosphere.SampleCountMin:4.0]]
[2020.03.31-19.00.10:458][  0]LogConfig: Setting CVar [[r.SkyAtmosphere.SampleCountMax:32.0]]
[2020.03.31-19.00.10:458][  0]LogConfig: Setting CVar [[r.SkyAtmosphere.TransmittanceLUT.UseSmallFormat:0]]
[2020.03.31-19.00.10:458][  0]LogConfig: Setting CVar [[r.SkyAtmosphere.TransmittanceLUT.SampleCount:10.0]]
[2020.03.31-19.00.10:458][  0]LogConfig: Setting CVar [[r.SkyAtmosphere.MultiScatteringLUT.SampleCount:15.0]]
[2020.03.31-19.00.10:458][  0]LogConfig: Applying CVar settings from Section [FoliageQuality@3] File [C:/Users/Jared/Desktop/SE_GAME/SEGame_Jared/Saved/Config/Windows/Scalability.ini]
[2020.03.31-19.00.10:458][  0]LogConfig: Setting CVar [[foliage.DensityScale:1.0]]
[2020.03.31-19.00.10:458][  0]LogConfig: Setting CVar [[grass.DensityScale:1.0]]
[2020.03.31-19.00.10:458][  0]LogConfig: Applying CVar settings from Section [ShadingQuality@3] File [C:/Users/Jared/Desktop/SE_GAME/SEGame_Jared/Saved/Config/Windows/Scalability.ini]
[2020.03.31-19.00.10:458][  0]LogConfig: Setting CVar [[r.HairStrands.SkyLighting.SampleCount:16]]
[2020.03.31-19.00.10:458][  0]LogConfig: Setting CVar [[r.HairStrands.SkyLighting.JitterIntegration:0]]
[2020.03.31-19.00.10:458][  0]LogConfig: Setting CVar [[r.HairStrands.SkyAO.SampleCount:16]]
[2020.03.31-19.00.10:458][  0]LogConfig: Applying CVar settings from Section [Startup] File [../../../Engine/Config/ConsoleVariables.ini]
[2020.03.31-19.00.10:467][  0]LogConfig: Setting CVar [[net.UseAdaptiveNetUpdateFrequency:0]]
[2020.03.31-19.00.10:467][  0]LogConfig: Setting CVar [[p.chaos.AllowCreatePhysxBodies:1]]
[2020.03.31-19.00.10:467][  0]LogConfig: Applying CVar settings from Section [ConsoleVariables] File [C:/Users/Jared/Desktop/SE_GAME/SEGame_Jared/Saved/Config/Windows/Engine.ini]
[2020.03.31-19.00.10:467][  0]LogInit: Computer: LAPTOP-2HK720SH
[2020.03.31-19.00.10:467][  0]LogInit: User: Jared
[2020.03.31-19.00.10:467][  0]LogInit: CPU Page size=4096, Cores=2
[2020.03.31-19.00.10:467][  0]LogInit: High frequency timer resolution =10.000000 MHz
[2020.03.31-19.00.10:468][  0]LogMemory: Memory total: Physical=7.9GB (8GB approx)
[2020.03.31-19.00.10:468][  0]LogMemory: Platform Memory Stats for Windows
[2020.03.31-19.00.10:468][  0]LogMemory: Process Physical Memory: 108.36 MB used, 108.36 MB peak
[2020.03.31-19.00.10:468][  0]LogMemory: Process Virtual Memory: 99.66 MB used, 99.66 MB peak
[2020.03.31-19.00.10:468][  0]LogMemory: Physical Memory: 4848.13 MB used,  3216.07 MB free, 8064.21 MB total
[2020.03.31-19.00.10:468][  0]LogMemory: Virtual Memory: 5117.71 MB used,  134212608.00 MB free, 134217728.00 MB total
[2020.03.31-19.00.10:479][  0]LogWindows: WindowsPlatformFeatures enabled
[2020.03.31-19.00.10:935][  0]LogInit: Using OS detected language (en-US).
[2020.03.31-19.00.10:935][  0]LogInit: Using OS detected locale (en-US).
[2020.03.31-19.00.10:942][  0]LogTextLocalizationManager: No specific localization for 'en-US' exists, so the 'en' localization will be used.
[2020.03.31-19.00.11:923][  0]LogInit: Setting process to per monitor DPI aware
[2020.03.31-19.00.12:222][  0]LogSlate: New Slate User Created.  User Index 0, Is Virtual User: 0
[2020.03.31-19.00.12:222][  0]LogSlate: Slate User Registered.  User Index 0, Is Virtual User: 0
[2020.03.31-19.00.18:819][  0]LogHMD: Failed to initialize OpenVR with code 110
[2020.03.31-19.00.18:819][  0]LogD3D11RHI: D3D11 min allowed feature level: 11_0
[2020.03.31-19.00.18:819][  0]LogD3D11RHI: D3D11 max allowed feature level: 11_0
[2020.03.31-19.00.18:819][  0]LogD3D11RHI: D3D11 adapters:
[2020.03.31-19.00.18:977][  0]LogD3D11RHI:    0. 'Intel(R) HD Graphics 615' (Feature Level 11_0)
[2020.03.31-19.00.18:977][  0]LogD3D11RHI:       128/0/4032 MB DedicatedVideo/DedicatedSystem/SharedSystem, Outputs:1, VendorId:0x8086
[2020.03.31-19.00.18:986][  0]LogD3D11RHI:    1. 'Microsoft Basic Render Driver' (Feature Level 11_0)
[2020.03.31-19.00.18:986][  0]LogD3D11RHI:       0/0/4032 MB DedicatedVideo/DedicatedSystem/SharedSystem, Outputs:0, VendorId:0x1414
[2020.03.31-19.00.18:986][  0]LogD3D11RHI: Chosen D3D11 Adapter: 0
[2020.03.31-19.00.19:003][  0]LogD3D11RHI: Creating new Direct3DDevice
[2020.03.31-19.00.19:004][  0]LogD3D11RHI:     GPU DeviceId: 0x591e (for the marketing name, search the web for "GPU Device Id")
[2020.03.31-19.00.19:004][  0]LogWindows: EnumDisplayDevices:
[2020.03.31-19.00.19:004][  0]LogWindows:    0. 'Intel(R) HD Graphics 615' (P:1 D:1)
[2020.03.31-19.00.19:006][  0]LogWindows:    1. 'Intel(R) HD Graphics 615' (P:0 D:0)
[2020.03.31-19.00.19:006][  0]LogWindows:    2. 'Intel(R) HD Graphics 615' (P:0 D:0)
[2020.03.31-19.00.19:007][  0]LogWindows: DebugString: FoundDriverCount:3 
[2020.03.31-19.00.19:007][  0]LogD3D11RHI:     Adapter Name: Intel(R) HD Graphics 615
[2020.03.31-19.00.19:007][  0]LogD3D11RHI:   Driver Version: 26.20.100.7262 (internal:26.20.100.7262, unified:26.20.100.7262)
[2020.03.31-19.00.19:007][  0]LogD3D11RHI:      Driver Date: 9-25-2019
[2020.03.31-19.00.19:007][  0]LogRHI: Texture pool is 1500 MB (70% of 2144 MB)
[2020.03.31-19.00.19:266][  0]LogD3D11RHI: RHI does not have support for 64 bit atomics
[2020.03.31-19.00.19:269][  0]LogD3D11RHI: [IntelMetricsDiscovery] Started
[2020.03.31-19.00.19:269][  0]LogD3D11RHI: Async texture creation enabled
[2020.03.31-19.00.19:297][  0]LogD3D11RHI: GPU Timing Frequency: 12.000048 (Debug: 2 0)
[2020.03.31-19.00.20:237][  0]LogTargetPlatformManager: Display: Loaded TargetPlatform 'AllDesktop'
[2020.03.31-19.00.20:298][  0]LogTargetPlatformManager: Display: Loaded TargetPlatform 'Android'
[2020.03.31-19.00.20:298][  0]LogTargetPlatformManager: Display: Loaded TargetPlatform 'Android_ASTC'
[2020.03.31-19.00.20:298][  0]LogTargetPlatformManager: Display: Loaded TargetPlatform 'Android_ATC'
[2020.03.31-19.00.20:298][  0]LogTargetPlatformManager: Display: Loaded TargetPlatform 'Android_DXT'
[2020.03.31-19.00.20:298][  0]LogTargetPlatformManager: Display: Loaded TargetPlatform 'Android_ETC1'
[2020.03.31-19.00.20:298][  0]LogTargetPlatformManager: Display: Loaded TargetPlatform 'Android_ETC1a'
[2020.03.31-19.00.20:298][  0]LogTargetPlatformManager: Display: Loaded TargetPlatform 'Android_ETC2'
[2020.03.31-19.00.20:298][  0]LogTargetPlatformManager: Display: Loaded TargetPlatform 'Android_PVRTC'
[2020.03.31-19.00.20:298][  0]LogTargetPlatformManager: Display: Loaded TargetPlatform 'AndroidClient'
[2020.03.31-19.00.20:299][  0]LogTargetPlatformManager: Display: Loaded TargetPlatform 'Android_ASTCClient'
[2020.03.31-19.00.20:299][  0]LogTargetPlatformManager: Display: Loaded TargetPlatform 'Android_ATCClient'
[2020.03.31-19.00.20:299][  0]LogTargetPlatformManager: Display: Loaded TargetPlatform 'Android_DXTClient'
[2020.03.31-19.00.20:299][  0]LogTargetPlatformManager: Display: Loaded TargetPlatform 'Android_ETC1Client'
[2020.03.31-19.00.20:299][  0]LogTargetPlatformManager: Display: Loaded TargetPlatform 'Android_ETC1aClient'
[2020.03.31-19.00.20:299][  0]LogTargetPlatformManager: Display: Loaded TargetPlatform 'Android_ETC2Client'
[2020.03.31-19.00.20:299][  0]LogTargetPlatformManager: Display: Loaded TargetPlatform 'Android_PVRTCClient'
[2020.03.31-19.00.20:299][  0]LogTargetPlatformManager: Display: Loaded TargetPlatform 'Android_Multi'
[2020.03.31-19.00.20:299][  0]LogTargetPlatformManager: Display: Loaded TargetPlatform 'Android_MultiClient'
[2020.03.31-19.00.20:376][  0]LogTargetPlatformManager: Display: Loaded TargetPlatform 'IOSClient'
[2020.03.31-19.00.20:376][  0]LogTargetPlatformManager: Display: Loaded TargetPlatform 'IOS'
[2020.03.31-19.00.20:400][  0]LogTargetPlatformManager: Display: Loaded TargetPlatform 'LinuxNoEditor'
[2020.03.31-19.00.20:424][  0]LogTargetPlatformManager: Display: Loaded TargetPlatform 'LinuxClient'
[2020.03.31-19.00.20:448][  0]LogTargetPlatformManager: Display: Loaded TargetPlatform 'LinuxServer'
[2020.03.31-19.00.20:473][  0]LogTargetPlatformManager: Display: Loaded TargetPlatform 'LinuxAArch64NoEditor'
[2020.03.31-19.00.20:499][  0]LogTargetPlatformManager: Display: Loaded TargetPlatform 'LinuxAArch64Client'
[2020.03.31-19.00.20:519][  0]LogTargetPlatformManager: Display: Loaded TargetPlatform 'LinuxAArch64Server'
[2020.03.31-19.00.20:588][  0]LogTargetPlatformManager: Display: Loaded TargetPlatform 'Lumin'
[2020.03.31-19.00.20:588][  0]LogTargetPlatformManager: Display: Loaded TargetPlatform 'LuminClient'
[2020.03.31-19.00.20:610][  0]LogTargetPlatformManager: Display: Loaded TargetPlatform 'TVOSClient'
[2020.03.31-19.00.20:610][  0]LogTargetPlatformManager: Display: Loaded TargetPlatform 'TVOS'
[2020.03.31-19.00.20:629][  0]LogTargetPlatformManager: Display: Loaded TargetPlatform 'WindowsNoEditor'
[2020.03.31-19.00.20:646][  0]LogTargetPlatformManager: Display: Loaded TargetPlatform 'Windows'
[2020.03.31-19.00.20:659][  0]LogTargetPlatformManager: Display: Loaded TargetPlatform 'WindowsClient'
[2020.03.31-19.00.20:682][  0]LogTargetPlatformManager: Display: Loaded TargetPlatform 'WindowsServer'
[2020.03.31-19.00.20:682][  0]LogTargetPlatformManager: Display: Building Assets For Windows
[2020.03.31-19.00.20:700][  0]LogAudioDebug: Display: Lib vorbis DLL was dynamically loaded.
[2020.03.31-19.00.20:971][  0]LogShaderCompilers: Guid format shader working directory is -13 characters bigger than the processId version (../../../../../../Users/Jared/Desktop/SE_GAME/SEGame_Jared/Intermediate/Shaders/WorkingDirectory/26244/).
[2020.03.31-19.00.20:972][  0]LogShaderCompilers: Cleaned the shader compiler working directory 'C:/Users/Jared/AppData/Local/Temp/UnrealShaderWorkingDir/FF3466ED4A3657A2EF60188744BD882E/'.
[2020.03.31-19.00.20:977][  0]LogXGEController: Cleaning working directory: C:/Users/Jared/AppData/Local/Temp/UnrealXGEWorkingDir/
[2020.03.31-19.00.20:978][  0]LogXGEController: Cannot use XGE Controller as Incredibuild is not installed on this machine.
[2020.03.31-19.00.20:979][  0]LogShaderCompilers: Cannot use XGE Shader Compiler as Incredibuild is not installed on this machine.
[2020.03.31-19.00.20:979][  0]LogShaderCompilers: Display: Using Local Shader Compiler.
[2020.03.31-19.00.28:096][  0]LogDerivedDataCache: Display: Max Cache Size: 512 MB
[2020.03.31-19.00.28:265][  0]LogDerivedDataCache: Loaded boot cache 0.17s 78MB C:/Users/Jared/AppData/Local/UnrealEngine/4.24/DerivedDataCache/Boot.ddc.
[2020.03.31-19.00.28:265][  0]LogDerivedDataCache: Display: Loaded Boot cache: C:/Users/Jared/AppData/Local/UnrealEngine/4.24/DerivedDataCache/Boot.ddc
[2020.03.31-19.00.28:265][  0]LogDerivedDataCache: FDerivedDataBackendGraph:  Pak pak cache file ../../../../../../Users/Jared/Desktop/SE_GAME/SEGame_Jared/DerivedDataCache/DDC.ddp not found, will not use a pak cache.
[2020.03.31-19.00.28:265][  0]LogDerivedDataCache: Unable to find inner node Pak for hierarchical cache Hierarchy.
[2020.03.31-19.00.28:265][  0]LogDerivedDataCache: FDerivedDataBackendGraph:  CompressedPak pak cache file ../../../../../../Users/Jared/Desktop/SE_GAME/SEGame_Jared/DerivedDataCache/Compressed.ddp not found, will not use a pak cache.
[2020.03.31-19.00.28:265][  0]LogDerivedDataCache: Unable to find inner node CompressedPak for hierarchical cache Hierarchy.
[2020.03.31-19.00.28:294][  0]LogDerivedDataCache: Display: Pak cache opened for reading ../../../Engine/DerivedDataCache/Compressed.ddp.
[2020.03.31-19.00.28:294][  0]LogDerivedDataCache: FDerivedDataBackendGraph:  EnterprisePak pak cache file ../../../Enterprise/DerivedDataCache/Compressed.ddp not found, will not use a pak cache.
[2020.03.31-19.00.28:294][  0]LogDerivedDataCache: Unable to find inner node EnterprisePak for hierarchical cache Hierarchy.
[2020.03.31-19.00.28:297][  0]LogDerivedDataCache: Using Local data cache path C:/Users/Jared/AppData/Local/UnrealEngine/Common/DerivedDataCache: Writable
[2020.03.31-19.00.28:297][  0]LogDerivedDataCache: Shared data cache path not found in *engine.ini, will not use an Shared cache.
[2020.03.31-19.00.28:297][  0]LogDerivedDataCache: Unable to find inner node Shared for hierarchical cache Hierarchy.
[2020.03.31-19.00.28:366][  0]LogMaterial: Verifying Global Shaders for PCD3D_SM5
[2020.03.31-19.00.28:379][  0]LogSlate: Using FreeType 2.10.0
[2020.03.31-19.00.28:409][  0]LogSlate: SlateFontServices - WITH_FREETYPE: 1, WITH_HARFBUZZ: 1
[2020.03.31-19.00.28:951][  0]LogAssetRegistry: FAssetRegistry took 0.0082 seconds to start up
[2020.03.31-19.00.29:699][  0]LogInit: Selected Device Profile: [Windows]
[2020.03.31-19.00.30:393][  0]LogMeshReduction: Using QuadricMeshReduction for automatic static mesh reduction
[2020.03.31-19.00.30:393][  0]LogMeshReduction: Using SimplygonMeshReduction for automatic skeletal mesh reduction
[2020.03.31-19.00.30:393][  0]LogMeshReduction: Using ProxyLODMeshReduction for automatic mesh merging
[2020.03.31-19.00.30:393][  0]LogMeshReduction: No distributed automatic mesh merging module available
[2020.03.31-19.00.30:393][  0]LogMeshMerging: No distributed automatic mesh merging module available
[2020.03.31-19.00.30:504][  0]LogNetVersion: SEGAMEv0.1 1.0.0, NetCL: 10570792, EngineNetVer: 13, GameNetVer: 0 (Checksum: 16917344)
[2020.03.31-19.00.39:331][  0]LogPackageLocalizationCache: Processed 11 localized package path(s) for 1 prioritized culture(s) in 0.131859 seconds
[2020.03.31-19.00.39:342][  0]LogUObjectArray: 46750 objects as part of root set at end of initial load.
[2020.03.31-19.00.39:343][  0]LogUObjectAllocator: 8137160 out of 0 bytes used by permanent object pool.
[2020.03.31-19.00.39:343][  0]LogUObjectArray: CloseDisregardForGC: 0/0 objects in disregard for GC pool
[2020.03.31-19.00.41:481][  0]LogTcpMessaging: Initializing TcpMessaging bridge
[2020.03.31-19.00.41:495][  0]LogUdpMessaging: Initializing bridge on interface 0.0.0.0:0 to multicast group 230.0.0.1:6666.
[2020.03.31-19.00.42:119][  0]SourceControl: Source control is disabled
[2020.03.31-19.00.44:714][  0]LogAndroidPermission: UAndroidPermissionCallbackProxy::GetInstance
[2020.03.31-19.00.44:757][  0]LogAudioCaptureCore: Display: No Audio Capture implementations found. Audio input will be silent.
[2020.03.31-19.00.44:757][  0]LogAudioCaptureCore: Display: No Audio Capture implementations found. Audio input will be silent.
[2020.03.31-19.00.45:115][  0]LogOcInput: OculusInput pre-init called
[2020.03.31-19.00.45:160][  0]LogWindows: Failed to load 'OVRPlugin.dll' (GetLastError=126)
[2020.03.31-19.00.45:160][  0]LogWindows: File 'OVRPlugin.dll' does not exist
[2020.03.31-19.00.45:529][  0]LogEngine: Initializing Engine...
[2020.03.31-19.00.45:532][  0]LogHMD: Failed to initialize OpenVR with code 110
[2020.03.31-19.00.45:538][  0]LogStats: UGameplayTagsManager::InitializeManager -  0.003 s
[2020.03.31-19.00.46:641][  0]LogInit: Initializing FReadOnlyCVARCache
[2020.03.31-19.00.46:699][  0]LogAIModule: Creating AISystem for world Untitled
[2020.03.31-19.00.46:967][  0]LogAudioMixer: Display: Audio Mixer Platform Settings:
[2020.03.31-19.00.46:968][  0]LogAudioMixer: Display: 	Sample Rate:						  48000
[2020.03.31-19.00.46:968][  0]LogAudioMixer: Display: 	Callback Buffer Frame Size Requested: 1024
[2020.03.31-19.00.46:968][  0]LogAudioMixer: Display: 	Callback Buffer Frame Size To Use:	  1024
[2020.03.31-19.00.46:968][  0]LogAudioMixer: Display: 	Number of buffers to queue:			  2
[2020.03.31-19.00.46:968][  0]LogAudioMixer: Display: 	Max Channels (voices):				  32
[2020.03.31-19.00.46:968][  0]LogAudioMixer: Display: 	Number of Async Source Workers:		  0
[2020.03.31-19.00.46:968][  0]LogAudio: Display: AudioDevice MaxSources: 32
[2020.03.31-19.00.46:970][  0]LogAudio: Display: Using built-in audio occlusion.
[2020.03.31-19.00.46:970][  0]LogAudioMixer: Display: Initializing audio mixer.
[2020.03.31-19.00.47:008][  0]LogAudioMixer: Display: Using Audio Device Unknown
[2020.03.31-19.00.47:028][  0]LogInit: FAudioDevice initialized.
[2020.03.31-19.00.47:028][  0]LogNetVersion: Set ProjectVersion to 1.0.0.0. Version Checksum will be recalculated on next use.
[2020.03.31-19.00.47:133][  0]LogDerivedDataCache: Saved boot cache 0.10s 78MB C:/Users/Jared/AppData/Local/UnrealEngine/4.24/DerivedDataCache/Boot.ddc.
[2020.03.31-19.00.47:146][  0]LogInit: Texture streaming: Enabled
[2020.03.31-19.00.47:183][  0]LogEngineSessionManager: EngineSessionManager initialized
[2020.03.31-19.00.47:183][  0]LogEditorSessionSummary: Verbose: Initializing EditorSessionSummaryWriter for editor session tracking
[2020.03.31-19.00.47:196][  0]LogEditorSessionSummary: EditorSessionSummaryWriter initialized
[2020.03.31-19.00.47:777][  0]LogInit: Transaction tracking system initialized
[2020.03.31-19.00.47:846][  0]BlueprintLog: New page: Editor Load
[2020.03.31-19.00.48:015][  0]LocalizationService: Localization service is disabled
[2020.03.31-19.00.50:016][  0]LogFileCache: Scanning file cache for directory 'C:/Users/Jared/Desktop/SE_GAME/SEGame_Jared/Content/' took 0.02s
[2020.03.31-19.00.50:016][  0]LogCook: Display: Max memory allowance for cook 16384mb min free memory 0mb
[2020.03.31-19.00.50:016][  0]LogCook: Display: Mobile HDR setting 1
[2020.03.31-19.00.51:861][  0]Cmd: MAP LOAD FILE="../../../../../../Users/Jared/Desktop/SE_GAME/SEGame_Jared/Content/Levels/Main_Area/Main_Area.umap" TEMPLATE=0 SHOWPROGRESS=1 FEATURELEVEL=3
[2020.03.31-19.00.51:877][  0]LightingResults: New page: Lighting Build
[2020.03.31-19.00.51:885][  0]LogWorld: UWorld::CleanupWorld for Untitled, bSessionEnded=true, bCleanupResources=true
[2020.03.31-19.00.51:886][  0]LogSlate: InvalidateAllWidgets triggered.  All widgets were invalidated
[2020.03.31-19.00.51:886][  0]MapCheck: New page: Map Check
[2020.03.31-19.00.51:886][  0]LightingResults: New page: Lighting Build
[2020.03.31-19.00.51:941][  0]LogUObjectHash: Compacting FUObjectHashTables data took   2.72ms
[2020.03.31-19.00.53:392][  0]LogAIModule: Creating AISystem for world Main_Area
[2020.03.31-19.00.53:445][  0]LogEditorServer: Finished looking for orphan Actors (0.000 secs)
[2020.03.31-19.00.53:547][  0]LogUObjectHash: Compacting FUObjectHashTables data took   8.89ms
[2020.03.31-19.00.53:549][  0]Cmd: MAP CHECKDEP NOCLEARLOG
[2020.03.31-19.00.53:551][  0]MapCheck: Map check complete: 0 Error(s), 0 Warning(s), took 0.85ms to complete.
[2020.03.31-19.00.53:551][  0]LogFileHelpers: Loading map 'Main_Area' took 1.690
[2020.03.31-19.00.53:959][  0]LogSlate: Updating window title bar state: overlay mode, drag disabled, window buttons hidden, title bar hidden
[2020.03.31-19.00.53:988][  0]LogSlate: Updating window title bar state: overlay mode, drag disabled, window buttons hidden, title bar hidden
[2020.03.31-19.00.54:015][  0]LogSlate: Updating window title bar state: overlay mode, drag disabled, window buttons hidden, title bar hidden
[2020.03.31-19.00.54:038][  0]LogSlate: Updating window title bar state: overlay mode, drag disabled, window buttons hidden, title bar hidden
[2020.03.31-19.00.54:086][  0]LogCollectionManager: Loaded 0 collections in 0.006296 seconds
[2020.03.31-19.00.54:154][  0]LogFileCache: Scanning file cache for directory 'C:/Users/Jared/Desktop/SE_GAME/SEGame_Jared/Saved/Collections/' took 0.00s
[2020.03.31-19.00.54:154][  0]LogFileCache: Scanning file cache for directory 'C:/Users/Jared/Desktop/SE_GAME/SEGame_Jared/Content/Developers/Jared/Collections/' took 0.00s
[2020.03.31-19.00.54:154][  0]LogFileCache: Scanning file cache for directory 'C:/Users/Jared/Desktop/SE_GAME/SEGame_Jared/Content/Collections/' took 0.00s
[2020.03.31-19.00.54:154][  0]LogContentBrowser: Native class hierarchy populated in 0.0335 seconds. Added 3025 classes and 735 folders.
[2020.03.31-19.00.54:168][  0]LogContentBrowser: Native class hierarchy updated for 'WidgetCarousel' in 0.0005 seconds. Added 0 classes and 0 folders.
[2020.03.31-19.00.55:312][  0]LogContentBrowser: Native class hierarchy updated for 'AddContentDialog' in 0.0004 seconds. Added 0 classes and 0 folders.
[2020.03.31-19.00.55:332][  0]LogContentBrowser: Native class hierarchy updated for 'SceneOutliner' in 0.0005 seconds. Added 2 classes and 3 folders.
[2020.03.31-19.00.55:770][  0]LogContentBrowser: Native class hierarchy updated for 'HierarchicalLODOutliner' in 0.0005 seconds. Added 0 classes and 0 folders.
[2020.03.31-19.00.55:770][  0]LogLoad: (Engine Initialization) Total time: 57.82 seconds
[2020.03.31-19.00.55:770][  0]LogLoad: (Engine Initialization) Total Blueprint compile time: 0.00 seconds
[2020.03.31-19.00.55:903][  0]LogContentStreaming: Texture pool size now 1000 MB
[2020.03.31-19.00.55:939][  0]LogSlate: Took 0.030507 seconds to synchronously load lazily loaded font '../../../Engine/Content/Slate/Fonts/Roboto-Regular.ttf' (155K)
[2020.03.31-19.00.55:963][  0]LogSlate: Took 0.018317 seconds to synchronously load lazily loaded font '../../../Engine/Content/Slate/Fonts/Roboto-Bold.ttf' (160K)
[2020.03.31-19.00.56:002][  0]LogSlate: Took 0.022182 seconds to synchronously load lazily loaded font '../../../Engine/Content/Editor/Slate/Fonts/FontAwesome.ttf' (139K)
[2020.03.31-19.00.56:864][  1]LogRenderer: Reallocating scene render targets to support 796x252 Format 10 NumSamples 1 (Frame:1).
[2020.03.31-19.00.59:506][ 26]LogSlate: Took 0.018779 seconds to synchronously load lazily loaded font '../../../Engine/Content/Slate/Fonts/Roboto-Light.ttf' (167K)
[2020.03.31-19.01.00:219][ 35]LogAssetRegistry: Asset discovery search completed in 31.2697 seconds
[2020.03.31-19.01.00:229][ 35]LogCollectionManager: Fixed up redirectors for 0 collections in 0.000020 seconds (updated 0 objects)
[2020.03.31-19.01.04:209][145]LogTemp: Repeating last play command: New Editor Window (PIE)
[2020.03.31-19.01.04:273][145]LogBlueprintUserMessages: Early PlayInEditor Detection: Level '/Game/Levels/Main_Area/Main_Area.Main_Area:PersistentLevel' has LevelScriptBlueprint '/Game/Levels/Main_Area/Main_Area.Main_Area:PersistentLevel.Main_Area' with GeneratedClass '/Game/Levels/Main_Area/Main_Area.Main_Area_C' with ClassGeneratedBy '/Game/Levels/Main_Area/Main_Area.Main_Area:PersistentLevel.Main_Area'
[2020.03.31-19.01.04:278][145]LogPlayLevel: PlayLevel: No blueprints needed recompiling
[2020.03.31-19.01.04:279][145]PIE: New page: PIE session: Main_Area (Mar 31, 2020, 11:01:04 AM)
[2020.03.31-19.01.04:285][145]LogOnline: OSS: Creating online subsystem instance for: NULL
[2020.03.31-19.01.04:287][145]LogOnline: OSS: TryLoadSubsystemAndSetDefault: Loaded subsystem for module [NULL]
[2020.03.31-19.01.04:289][145]LogLinker: Warning: Failed to load '/Game/Blueprint/Health': Can't find file.
[2020.03.31-19.01.04:289][145]LogLinker: Warning: Failed to load '/Game/Blueprint/Health': Can't find file.
[2020.03.31-19.01.04:289][145]LogUObjectGlobals: Warning: Failed to find object 'Class /Game/Blueprint/Health.Health_C'
[2020.03.31-19.01.04:291][145]LogPlayLevel: Creating play world package: /Game/Levels/Main_Area/UEDPIE_0_Main_Area
[2020.03.31-19.01.04:299][145]LogPlayLevel: PIE: StaticDuplicateObject took: (0.007895s)
[2020.03.31-19.01.04:301][145]LogAIModule: Creating AISystem for world Main_Area
[2020.03.31-19.01.04:302][145]LogPlayLevel: PIE: World Init took: (0.003029s)
[2020.03.31-19.01.04:302][145]LogPlayLevel: PIE: Created PIE world by copying editor world from /Game/Levels/Main_Area/Main_Area.Main_Area to /Game/Levels/Main_Area/UEDPIE_0_Main_Area.Main_Area (0.011869s)
[2020.03.31-19.01.04:364][145]LogUObjectHash: Compacting FUObjectHashTables data took   3.46ms
[2020.03.31-19.01.04:373][145]LogAudioMixer: Display: Audio Mixer Platform Settings:
[2020.03.31-19.01.04:373][145]LogAudioMixer: Display: 	Sample Rate:						  48000
[2020.03.31-19.01.04:373][145]LogAudioMixer: Display: 	Callback Buffer Frame Size Requested: 1024
[2020.03.31-19.01.04:373][145]LogAudioMixer: Display: 	Callback Buffer Frame Size To Use:	  1024
[2020.03.31-19.01.04:374][145]LogAudioMixer: Display: 	Number of buffers to queue:			  2
[2020.03.31-19.01.04:374][145]LogAudioMixer: Display: 	Max Channels (voices):				  32
[2020.03.31-19.01.04:374][145]LogAudioMixer: Display: 	Number of Async Source Workers:		  0
[2020.03.31-19.01.04:374][145]LogAudio: Display: AudioDevice MaxSources: 32
[2020.03.31-19.01.04:377][145]LogAudio: Display: Using built-in audio occlusion.
[2020.03.31-19.01.04:377][145]LogAudioMixer: Display: Initializing audio mixer.
[2020.03.31-19.01.04:379][145]LogAudioMixer: Display: Using Audio Device Unknown
[2020.03.31-19.01.04:384][145]LogInit: FAudioDevice initialized.
[2020.03.31-19.01.04:453][145]LogSlate: Updating window title bar state: overlay mode, drag disabled, window buttons hidden, title bar hidden
[2020.03.31-19.01.04:459][145]LogLoad: Game class is 'GameModeBase'
[2020.03.31-19.01.04:480][145]LogWorld: Bringing World /Game/Levels/Main_Area/UEDPIE_0_Main_Area.Main_Area up for play (max tick rate 60) at 2020.03.31-15.01.04
[2020.03.31-19.01.04:482][145]LogWorld: Bringing up level for play took: 0.012332
[2020.03.31-19.01.04:483][145]LogOnline: OSS: Creating online subsystem instance for: :Context_1
[2020.03.31-19.01.04:515][145]LogContentBrowser: Native class hierarchy updated for 'MovieSceneCapture' in 0.0011 seconds. Added 20 classes and 0 folders.
[2020.03.31-19.01.04:574][145]PIE: Play in editor start time for /Game/Levels/Main_Area/UEDPIE_0_Main_Area 0.368
[2020.03.31-19.01.04:575][145]LogBlueprintUserMessages: Late PlayInEditor Detection: Level '/Game/Levels/Main_Area/Main_Area.Main_Area:PersistentLevel' has LevelScriptBlueprint '/Game/Levels/Main_Area/Main_Area.Main_Area:PersistentLevel.Main_Area' with GeneratedClass '/Game/Levels/Main_Area/Main_Area.Main_Area_C' with ClassGeneratedBy '/Game/Levels/Main_Area/Main_Area.Main_Area:PersistentLevel.Main_Area'
[2020.03.31-19.01.04:645][146]LogRenderer: Reallocating scene render targets to support 856x480 Format 10 NumSamples 1 (Frame:1).
[2020.03.31-19.01.26:500][801]LogNet: Browse: /Game/Levels/Area_1/Area1
[2020.03.31-19.01.26:502][801]LogLoad: LoadMap: /Game/Levels/Area_1/Area1
[2020.03.31-19.01.26:502][801]LogWorld: BeginTearingDown for /Game/Levels/Main_Area/UEDPIE_0_Main_Area
[2020.03.31-19.01.26:515][801]LogWorld: UWorld::CleanupWorld for Main_Area, bSessionEnded=true, bCleanupResources=true
[2020.03.31-19.01.26:522][801]LogSlate: InvalidateAllWidgets triggered.  All widgets were invalidated
[2020.03.31-19.01.26:523][801]LogAudioMixer: Display: No commands were queued while flushing the source manager.
[2020.03.31-19.01.26:608][801]LogUObjectHash: Compacting FUObjectHashTables data took   2.69ms
[2020.03.31-19.01.26:745][801]LogAIModule: Creating AISystem for world Area1
[2020.03.31-19.01.26:746][801]LogLoad: Game class is 'GameModeBase'
[2020.03.31-19.01.26:757][801]LogWorld: Bringing World /Game/Levels/Area_1/UEDPIE_0_Area1.Area1 up for play (max tick rate 60) at 2020.03.31-15.01.26
[2020.03.31-19.01.26:758][801]LogWorld: Bringing up level for play took: 0.010827
[2020.03.31-19.01.26:758][801]LogGameMode: FindPlayerStart: PATHS NOT DEFINED or NO PLAYERSTART with positive rating
[2020.03.31-19.01.26:768][801]LogLoad: Took 0.266781 seconds to LoadMap(/Game/Levels/Area_1/Area1)
[2020.03.31-19.01.42:689][313]LogAudioMixer: Warning: Changing default audio render device to new device: {0.0.0.00000000}.{7f83519e-b889-4678-905e-a87a14f2db19}.
[2020.03.31-19.01.42:689][313]LogAudioMixer: Warning: Changing default audio render device to new device: {0.0.0.00000000}.{7f83519e-b889-4678-905e-a87a14f2db19}.
[2020.03.31-19.01.42:981][313]LogTemp: Resetting audio stream to device id 
[2020.03.31-19.01.43:217][313]LogAudioMixer: Warning: Did not find the channel type flags for audio device 'Headset (Ink'd Wireless Hands-Free AG Audio)'. Reverting to a default channel ordering.
[2020.03.31-19.01.43:217][313]LogAudioMixer: Display: Audio Device Output Speaker Info:
[2020.03.31-19.01.43:217][313]LogAudioMixer: Display: Name: Headset (Ink'd Wireless Hands-Free AG Audio)
[2020.03.31-19.01.43:217][313]LogAudioMixer: Display: Is Default: Yes
[2020.03.31-19.01.43:217][313]LogAudioMixer: Display: Sample Rate: 16000
[2020.03.31-19.01.43:217][313]LogAudioMixer: Display: Channel Count Used: 2
[2020.03.31-19.01.43:217][313]LogAudioMixer: Display: Device Channel Count: 1
[2020.03.31-19.01.43:217][313]LogAudioMixer: Display: Channel Order:
[2020.03.31-19.01.43:217][313]LogAudioMixer: Display: 0: FrontLeft
[2020.03.31-19.01.43:217][313]LogAudioMixer: Display: 1: FrontRight
